h1  35 h2  25 hr   0.100 or   0.001 mr 0.900 ep 20 linOut 0 Mon Dec 16 12:31:56 2002
h1  35 h2  25 hr   0.100 or   0.001 mr 0.900 ep 10 linOut 0 Mon Dec 16 12:36:19 2002
h1  35 h2  25 hr   0.100 or   0.001 mr 0.900 ep 10 linOut 0 Mon Dec 16 12:47:48 2002
h1  35 h2  25 hr   0.100 or   0.001 mr 0.900 ep 2 linOut 0 Mon Dec 16 12:49:37 2002
h1  35 h2  25 hr   0.100 or   0.001 mr 0.900 ep 2 linOut 0 Mon Dec 16 12:58:03 2002
h1  35 h2  25 hr   0.100 or   0.001 mr 0.900 ep 2 linOut 0 Mon Dec 16 13:00:23 2002
h1  35 h2  25 hr   0.100 or   0.001 mr 0.900 ep 2 linOut 0 Mon Dec 16 13:07:22 2002
h1  35 h2  25 hr   0.100 or   0.001 mr 0.900 ep 2 linOut 0 Mon Dec 16 15:06:44 2002
h1  35 h2  25 hr   0.100 or   0.001 mr 0.900 ep 2 linOut 0 Mon Dec 16 15:50:13 2002
h1  35 h2  25 hr   0.100 or   0.001 mr 0.900 ep 2 linOut 0 Tue Dec 17 13:12:04 2002
h1  35 h2  25 hr   0.100 or   0.001 mr 0.900 ep 2 linOut 0 Wed Dec 18 12:22:17 2002
h1  35 h2  25 hr   0.100 or   0.001 mr 0.900 ep 2 linOut 0 Wed Dec 18 16:23:32 2002
h1  35 h2  25 hr   0.100 or   0.001 mr 0.900 ep 3000 linOut 0 Wed Dec 18 16:44:23 2002
h1  35 h2  25 hr   0.100 or   0.001 mr 0.900 ep 3000 linOut 0 Thu Dec 26 17:15:00 2002
h1  35 h2  25 hr   0.100 or   0.001 mr 0.900 ep 3000 linOut 0 Thu Dec 26 18:05:37 2002
h1  35 h2  25 hr   0.100 or   0.001 mr 0.900 ep 3000 linOut 0 Thu Dec 26 18:08:10 2002
h1  35 h2  25 hr   0.100 or   0.001 mr 0.900 ep 3000 linOut 0 Thu Dec 26 18:11:53 2002
h1  35 h2  25 hr   0.100 or   0.001 mr 0.900 ep 3000 linOut 0 Thu Dec 26 18:30:27 2002
h1  35 h2  25 hr   0.100 or   0.001 mr 0.900 ep 3000 linOut 0 Thu Dec 26 18:34:09 2002
h1  35 h2  25 hr   0.100 or   0.001 mr 0.900 ep 3000 linOut 0 Sat Dec 28 18:51:22 2002
h1  35 h2  25 hr   0.100 or   0.001 mr 0.900 ep 3000 linOut 0 Wed Jan 15 17:32:07 2003
h1  35 h2  25 hr   0.100 or   0.001 mr 0.900 ep 3000 linOut 0 Wed Jan 15 17:56:46 2003
h1  35 h2  25 hr   0.100 or   0.001 mr 0.900 ep 3000 linOut 0 Fri Mar 21 12:51:50 2003
h1  35 h2  25 hr   0.100 or   0.001 mr 0.900 ep 3000 linOut 0 Fri Mar 21 15:08:41 2003
h1  35 h2  25 hr   0.100 or   0.001 mr 0.900 ep 3000 linOut 0 Wed Apr 23 16:47:15 2003
h1  30 h2   0 hr   0.100 or   0.001 mr 0.900 ep 5000 linOut 0 Tue Jun 10 16:40:38 2003
h1  30 h2   0 hr   0.100 or   0.001 mr 0.900 ep 7000 linOut 0 Tue Jun 10 17:00:11 2003
h1  30 h2   0 hr   0.100 or   0.001 mr 0.900 ep 10000 linOut 0 Wed Jun 11 12:35:23 2003
h1  30 h2   0 hr   0.100 or   0.001 mr 0.900 ep 100000 linOut 0 Wed Jun 18 03:57:42 2003
h1  30 h2   0 hr   0.100 or   0.001 mr 0.900 ep 10000 linOut 0 Wed Jun 25 15:19:41 2003
