h1  30 h2  20 hr   0.100 or   0.001 mr 0.900 ep 2000 linOut 0 Sat Dec 14 19:30:39 2002
h1  30 h2  20 hr   0.100 or   0.001 mr 0.900 ep 2000 linOut 0 Sat Dec 14 19:42:13 2002
h1  30 h2  20 hr   0.100 or   0.001 mr 0.900 ep 200 linOut 0 Mon Dec 16 10:59:23 2002
h1  30 h2  20 hr   0.100 or   0.001 mr 0.900 ep 200 linOut 0 Mon Dec 16 11:03:00 2002
h1  30 h2  20 hr   0.100 or   0.001 mr 0.900 ep 20 linOut 0 Mon Dec 16 11:38:51 2002
h1  30 h2  20 hr   0.100 or   0.001 mr 0.900 ep 20 linOut 0 Mon Dec 16 12:10:31 2002
h1  30 h2  20 hr   0.100 or   0.001 mr 0.900 ep 20 linOut 0 Mon Dec 16 12:12:41 2002
h1  30 h2  20 hr   0.100 or   0.001 mr 0.900 ep 20 linOut 0 Mon Dec 16 12:16:50 2002
h1  30 h2  20 hr   0.100 or   0.001 mr 0.900 ep 20 linOut 0 Mon Dec 16 12:17:58 2002
h1  30 h2  20 hr   0.100 or   0.001 mr 0.900 ep 20 linOut 0 Mon Dec 16 12:18:51 2002
h1  30 h2  20 hr   0.100 or   0.001 mr 0.900 ep 20 linOut 0 Mon Dec 16 12:31:27 2002
h1  30 h2  20 hr   0.100 or   0.001 mr 0.900 ep 10 linOut 0 Mon Dec 16 12:35:51 2002
h1  30 h2  20 hr   0.100 or   0.001 mr 0.900 ep 10 linOut 0 Mon Dec 16 12:47:20 2002
h1  30 h2  20 hr   0.100 or   0.001 mr 0.900 ep 2 linOut 0 Mon Dec 16 12:49:10 2002
h1  30 h2  20 hr   0.100 or   0.001 mr 0.900 ep 2 linOut 0 Mon Dec 16 12:57:36 2002
h1  30 h2  20 hr   0.100 or   0.001 mr 0.900 ep 2 linOut 0 Mon Dec 16 12:59:56 2002
h1  30 h2  20 hr   0.100 or   0.001 mr 0.900 ep 2 linOut 0 Mon Dec 16 13:06:55 2002
h1  30 h2  20 hr   0.100 or   0.001 mr 0.900 ep 2 linOut 0 Mon Dec 16 15:06:17 2002
h1  30 h2  20 hr   0.100 or   0.001 mr 0.900 ep 2 linOut 0 Mon Dec 16 15:49:45 2002
h1  30 h2  20 hr   0.100 or   0.001 mr 0.900 ep 2 linOut 0 Tue Dec 17 13:11:37 2002
h1  30 h2  20 hr   0.100 or   0.001 mr 0.900 ep 2 linOut 0 Wed Dec 18 12:21:50 2002
h1  30 h2  20 hr   0.100 or   0.001 mr 0.900 ep 2 linOut 0 Wed Dec 18 16:23:05 2002
h1  30 h2  20 hr   0.100 or   0.001 mr 0.900 ep 2000 linOut 0 Wed Dec 18 16:40:33 2002
h1  30 h2  20 hr   0.100 or   0.001 mr 0.900 ep 2000 linOut 0 Tue Dec 24 18:17:07 2002
h1  30 h2  20 hr   0.100 or   0.001 mr 0.900 ep 2000 linOut 0 Thu Dec 26 17:07:20 2002
h1  30 h2  20 hr   0.100 or   0.001 mr 0.900 ep 2000 linOut 0 Thu Dec 26 17:58:34 2002
h1  30 h2  20 hr   0.100 or   0.001 mr 0.900 ep 2000 linOut 0 Thu Dec 26 18:04:54 2002
h1  30 h2  20 hr   0.100 or   0.001 mr 0.900 ep 2000 linOut 0 Thu Dec 26 18:07:28 2002
h1  30 h2  20 hr   0.100 or   0.001 mr 0.900 ep 2000 linOut 0 Thu Dec 26 18:11:10 2002
h1  30 h2  20 hr   0.100 or   0.001 mr 0.900 ep 2000 linOut 0 Thu Dec 26 18:29:44 2002
h1  30 h2  20 hr   0.100 or   0.001 mr 0.900 ep 2000 linOut 0 Thu Dec 26 18:33:27 2002
h1  30 h2  20 hr   0.100 or   0.001 mr 0.900 ep 2000 linOut 0 Sat Dec 28 18:47:10 2002
h1  30 h2  20 hr   0.100 or   0.001 mr 0.900 ep 2000 linOut 0 Wed Jan 15 17:31:41 2003
h1  30 h2  20 hr   0.100 or   0.001 mr 0.900 ep 2000 linOut 0 Wed Jan 15 17:48:55 2003
h1  30 h2  20 hr   0.100 or   0.001 mr 0.900 ep 2000 linOut 0 Fri Mar 21 12:43:26 2003
h1  30 h2  20 hr   0.100 or   0.001 mr 0.900 ep 2000 linOut 0 Fri Mar 21 15:01:35 2003
h1  30 h2  20 hr   0.100 or   0.001 mr 0.900 ep 2000 linOut 0 Wed Apr 23 16:45:50 2003
h1  25 h2   0 hr   0.100 or   0.001 mr 0.900 ep 3000 linOut 0 Tue Jun 10 16:27:47 2003
h1  25 h2   0 hr   0.100 or   0.001 mr 0.900 ep 5000 linOut 0 Tue Jun 10 16:38:25 2003
h1  25 h2   0 hr   0.100 or   0.001 mr 0.900 ep 7000 linOut 0 Tue Jun 10 16:54:59 2003
h1  25 h2   0 hr   0.100 or   0.001 mr 0.900 ep 10000 linOut 0 Wed Jun 11 12:41:49 2003
h1  25 h2   0 hr   0.100 or   0.001 mr 0.900 ep 100000 linOut 0 Tue Jun 17 16:48:57 2003
h1  30 h2   0 hr   0.100 or   0.001 mr 0.900 ep 10000 linOut 0 Wed Jun 25 15:16:00 2003
