h1  28 h2   0 hr   0.100 or   0.001 mr 0.900 ep 2 linOut 0 Mon Dec 16 14:54:18 2002
h1  28 h2   0 hr   0.100 or   0.001 mr 0.900 ep 2 linOut 0 Mon Dec 16 14:55:53 2002
h1  28 h2   0 hr   0.100 or   0.001 mr 0.900 ep 2 linOut 0 Mon Dec 16 15:08:24 2002
h1  28 h2   0 hr   0.100 or   0.001 mr 0.900 ep 2 linOut 0 Mon Dec 16 15:51:50 2002
h1  28 h2   0 hr   0.100 or   0.001 mr 0.900 ep 2 linOut 0 Tue Dec 17 13:13:33 2002
h1  28 h2   0 hr   0.100 or   0.001 mr 0.900 ep 2 linOut 0 Wed Dec 18 12:23:44 2002
h1  28 h2   0 hr   0.100 or   0.001 mr 0.900 ep 2 linOut 0 Wed Dec 18 16:25:00 2002
h1  28 h2   0 hr   0.100 or   0.001 mr 0.900 ep 2000 linOut 0 Wed Dec 18 16:53:24 2002
h1  28 h2   0 hr   0.100 or   0.001 mr 0.900 ep 2000 linOut 0 Thu Dec 26 18:09:11 2002
h1  28 h2   0 hr   0.100 or   0.001 mr 0.900 ep 2000 linOut 0 Thu Dec 26 18:12:53 2002
h1  28 h2   0 hr   0.100 or   0.001 mr 0.900 ep 2000 linOut 0 Thu Dec 26 18:31:27 2002
h1  28 h2   0 hr   0.100 or   0.001 mr 0.900 ep 2000 linOut 0 Thu Dec 26 18:35:10 2002
h1  28 h2   0 hr   0.100 or   0.001 mr 0.900 ep 2000 linOut 0 Sat Dec 28 18:59:35 2002
h1  28 h2   0 hr   0.100 or   0.001 mr 0.900 ep 2000 linOut 0 Wed Jan 15 17:32:33 2003
h1  28 h2   0 hr   0.100 or   0.001 mr 0.900 ep 2000 linOut 0 Wed Jan 15 18:13:17 2003
h1  28 h2   0 hr   0.100 or   0.001 mr 0.900 ep 2000 linOut 0 Fri Mar 21 13:11:56 2003
h1  28 h2   0 hr   0.100 or   0.001 mr 0.900 ep 2000 linOut 0 Fri Mar 21 15:22:56 2003
h1  28 h2   0 hr   0.100 or   0.001 mr 0.900 ep 2000 linOut 0 Wed Apr 23 09:43:50 2003
h1  28 h2   0 hr   0.100 or   0.001 mr 0.900 ep 10000 linOut 0 Tue Jun 17 15:12:05 2003
h1  28 h2   0 hr   0.100 or   0.001 mr 0.900 ep 100000 linOut 0 Wed Jun 18 03:58:32 2003
h1  28 h2   0 hr   0.100 or   0.001 mr 0.900 ep 10000 linOut 0 Wed Jun 25 17:55:41 2003
