h1  40 h2   0 hr   0.100 or   0.001 mr 0.900 ep 2000 linOut 0 Sat Jan  4 15:13:37 2003
h1  40 h2   0 hr   0.100 or   0.001 mr 0.900 ep 2000 linOut 0 Mon Jan  6 11:29:10 2003
h1  40 h2   0 hr   0.100 or   0.001 mr 0.900 ep 2000 linOut 0 Mon Jan  6 15:58:03 2003
h1  40 h2   0 hr   0.100 or   0.001 mr 0.900 ep 2000 linOut 0 Mon Jan  6 16:49:48 2003
h1  40 h2   0 hr   0.100 or   0.001 mr 0.900 ep 2000 linOut 0 Mon Jan  6 17:02:54 2003
h1  40 h2   0 hr   0.100 or   0.001 mr 0.900 ep 2000 linOut 0 Tue Jan  7 16:44:45 2003
h1  40 h2   0 hr   0.100 or   0.001 mr 0.900 ep 2000 linOut 0 Wed Jan 15 15:58:30 2003
h1  40 h2   0 hr   0.100 or   0.001 mr 0.900 ep 2000 linOut 0 Wed Jan 15 16:01:44 2003
h1  40 h2   0 hr   0.100 or   0.001 mr 0.900 ep 2000 linOut 0 Wed Jan 15 16:25:25 2003
h1  40 h2   0 hr   0.100 or   0.001 mr 0.900 ep 2000 linOut 0 Wed Jan 15 17:55:00 2003
h1  40 h2   0 hr   0.100 or   0.001 mr 0.900 ep 2000 linOut 0 Mon Jan 20 16:36:33 2003
h1  40 h2   0 hr   0.100 or   0.001 mr 0.900 ep 2000 linOut 0 Tue Jan 21 11:54:56 2003
h1  40 h2   0 hr   0.100 or   0.001 mr 0.900 ep 2000 linOut 0 Wed Jan 29 16:12:52 2003
h1  40 h2   0 hr   0.100 or   0.001 mr 0.900 ep 2000 linOut 0 Wed Jan 29 19:40:30 2003
h1  40 h2   0 hr   0.100 or   0.001 mr 0.900 ep 2000 linOut 0 Wed Jan 29 20:23:40 2003
h1  40 h2   0 hr   0.100 or   0.001 mr 0.900 ep 2000 linOut 0 Fri Mar 14 16:57:36 2003
h1  75 h2   0 hr   0.100 or   0.001 mr 0.900 ep 2000 linOut 0 Tue Mar 25 13:00:43 2003
h1  75 h2   0 hr   0.100 or   0.001 mr 0.900 ep 2000 linOut 0 Tue Apr 22 13:53:06 2003
h1  75 h2   0 hr   0.100 or   0.001 mr 0.900 ep 2000 linOut 0 Tue Apr 22 13:55:06 2003
h1  75 h2   0 hr   0.100 or   0.001 mr 0.900 ep 2000 linOut 0 Tue Apr 22 14:52:24 2003
h1  75 h2   0 hr   0.100 or   0.001 mr 0.900 ep 2000 linOut 0 Tue Apr 22 14:52:42 2003
h1  35 h2   0 hr   0.100 or   0.001 mr 0.900 ep 5000 linOut 0 Tue Jun 10 16:51:14 2003
h1  19 h2   0 hr   0.100 or   0.001 mr 0.900 ep 5000 linOut 0 Wed Jun 11 12:24:49 2003
h1  19 h2   0 hr   0.100 or   0.001 mr 0.900 ep 10000 linOut 0 Wed Jun 11 12:45:04 2003
h1  19 h2   0 hr   0.100 or   0.001 mr 0.900 ep 100000 linOut 0 Wed Jun 18 03:56:56 2003
h1  28 h2   0 hr   0.100 or   0.001 mr 0.900 ep 10000 linOut 0 Wed Jun 25 18:10:55 2003
