h1  30 h2   0 hr   0.100 or   0.001 mr 0.900 ep 2 linOut 0 Mon Dec 16 13:07:47 2002
h1  30 h2   0 hr   0.100 or   0.001 mr 0.900 ep 2 linOut 0 Mon Dec 16 15:07:10 2002
h1  30 h2   0 hr   0.100 or   0.001 mr 0.900 ep 2 linOut 0 Mon Dec 16 15:50:39 2002
h1  30 h2   0 hr   0.100 or   0.001 mr 0.900 ep 2 linOut 0 Tue Dec 17 13:12:30 2002
h1  30 h2   0 hr   0.100 or   0.001 mr 0.900 ep 2 linOut 0 Wed Dec 18 12:22:43 2002
h1  30 h2   0 hr   0.100 or   0.001 mr 0.900 ep 2 linOut 0 Wed Dec 18 16:23:58 2002
h1  30 h2   0 hr   0.100 or   0.001 mr 0.900 ep 3000 linOut 0 Wed Dec 18 16:37:46 2002
h1  30 h2   0 hr   0.100 or   0.001 mr 0.900 ep 3000 linOut 0 Tue Dec 24 18:16:42 2002
h1  30 h2   0 hr   0.100 or   0.001 mr 0.900 ep 3000 linOut 0 Thu Dec 26 15:46:30 2002
h1  30 h2   0 hr   0.100 or   0.001 mr 0.900 ep 3000 linOut 0 Thu Dec 26 17:01:42 2002
h1  30 h2   0 hr   0.100 or   0.001 mr 0.900 ep 3000 linOut 0 Thu Dec 26 17:58:09 2002
h1  30 h2   0 hr   0.100 or   0.001 mr 0.900 ep 3000 linOut 0 Thu Dec 26 18:01:44 2002
h1  30 h2   0 hr   0.100 or   0.001 mr 0.900 ep 3000 linOut 0 Thu Dec 26 18:04:17 2002
h1  30 h2   0 hr   0.100 or   0.001 mr 0.900 ep 3000 linOut 0 Thu Dec 26 18:06:51 2002
h1  30 h2   0 hr   0.100 or   0.001 mr 0.900 ep 3000 linOut 0 Thu Dec 26 18:10:33 2002
h1  30 h2   0 hr   0.100 or   0.001 mr 0.900 ep 3000 linOut 0 Thu Dec 26 18:29:06 2002
h1  30 h2   0 hr   0.100 or   0.001 mr 0.900 ep 3000 linOut 0 Thu Dec 26 18:32:49 2002
h1  30 h2   0 hr   0.100 or   0.001 mr 0.900 ep 3000 linOut 0 Fri Dec 27 11:59:06 2002
h1  30 h2   0 hr   0.100 or   0.001 mr 0.900 ep 3000 linOut 0 Sat Dec 28 18:44:06 2002
h1  30 h2   0 hr   0.100 or   0.001 mr 0.900 ep 3000 linOut 0 Wed Jan 15 17:31:15 2003
h1  30 h2   0 hr   0.100 or   0.001 mr 0.900 ep 3000 linOut 0 Wed Jan 15 17:43:26 2003
h1  30 h2   0 hr   0.100 or   0.001 mr 0.900 ep 3000 linOut 0 Fri Mar 21 12:37:53 2003
h1  30 h2   0 hr   0.100 or   0.001 mr 0.900 ep 3000 linOut 0 Fri Mar 21 14:51:40 2003
h1  30 h2   0 hr   0.100 or   0.001 mr 0.900 ep 3000 linOut 0 Wed Apr 23 16:44:15 2003
h1  30 h2   0 hr   0.100 or   0.001 mr 0.900 ep 10000 linOut 0 Tue Jun 17 15:11:09 2003
h1  30 h2   0 hr   0.100 or   0.001 mr 0.900 ep 100000 linOut 0 Tue Jun 17 16:47:16 2003
h1  30 h2   0 hr   0.100 or   0.001 mr 0.900 ep 10000 linOut 0 Wed Jun 25 15:22:43 2003
